<?xml version='1.0' encoding='UTF-8'?>
<testsuite hostname="Nicholas-PC" name="funsets.FunSetSuite" tests="9" errors="0" failures="0" time="0.363">
                     <properties>
[...]
</properties>
                     <testcase classname="funsets.FunSetSuite" name="contains is implemented" time="0.042">
                                                 
                                               </testcase><testcase classname="funsets.FunSetSuite" name="singletonSet(1) contains 1" time="0.082">
                                                 
                                               </testcase><testcase classname="funsets.FunSetSuite" name="union contains all elements of each set" time="0.015">
                                                 
                                               </testcase><testcase classname="funsets.FunSetSuite" name="intersect" time="0.032">
                                                 
                                               </testcase><testcase classname="funsets.FunSetSuite" name="diff" time="0.067">
                                                 
                                               </testcase><testcase classname="funsets.FunSetSuite" name="filter" time="0.031">
                                                 
                                               </testcase><testcase classname="funsets.FunSetSuite" name="forall" time="0.016">
                                                 
                                               </testcase><testcase classname="funsets.FunSetSuite" name="exists" time="0.031">
                                                 
                                               </testcase><testcase classname="funsets.FunSetSuite" name="map" time="0.047">
                                                 
                                               </testcase>
                     <system-out></system-out>
                     <system-err></system-err>
                   </testsuite>